<?xml version="1.0" ?>
<coverage version="7.11.0" timestamp="1761289924189" lines-valid="1" lines-covered="1" line-rate="1" branches-covered="0" branches-valid="0" branch-rate="0" complexity="0">
	<!-- Generated by coverage.py: https://coverage.readthedocs.io/en/7.11.0 -->
	<!-- Based on https://raw.githubusercontent.com/cobertura/web/master/htdocs/xml/coverage-04.dtd -->
	<sources>
		<source>/Users/ghislaindelabie/Projets dév/Formation OC/OC5 - Déployez un modèle de Machine Learning</source>
	</sources>
	<packages>
		<package name="src.oc5_ml_deployment" line-rate="1" branch-rate="0" complexity="0">
			<classes>
				<class name="__init__.py" filename="src/oc5_ml_deployment/__init__.py" complexity="0" line-rate="1" branch-rate="0">
					<methods/>
					<lines>
						<line number="1" hits="1"/>
					</lines>
				</class>
			</classes>
		</package>
	</packages>
</coverage>
